{
  "RSpec": {
    "coverage": {
      "D:/study/ruby/ticket/app/controllers/admin/users_controller.rb": [
        1,
        1,
        1,
        12,
        null,
        1,
        2,
        null,
        null,
        1,
        2,
        2,
        2,
        2,
        2,
        2,
        null,
        0,
        0,
        null,
        null,
        null,
        1,
        null,
        null,
        1,
        null,
        null,
        1,
        2,
        2,
        2,
        null,
        2,
        2,
        2,
        null,
        0,
        0,
        null,
        null,
        null,
        1,
        2,
        1,
        null,
        1,
        1,
        null,
        2,
        null,
        1,
        1,
        10,
        null,
        1,
        10,
        null,
        null
      ],
      "D:/study/ruby/ticket/app/controllers/admin/base_controller.rb": [
        1,
        1,
        null
      ],
      "D:/study/ruby/ticket/app/controllers/application_controller.rb": [
        1,
        null,
        null,
        1,
        1,
        1,
        59,
        3,
        null,
        3,
        null,
        null,
        1,
        1,
        421,
        null,
        1,
        1,
        47,
        null,
        47,
        6,
        6,
        null,
        null,
        null
      ],
      "D:/study/ruby/ticket/app/controllers/mtickets_controller.rb": [
        1,
        1,
        1,
        1,
        1,
        3,
        null,
        null,
        1,
        3,
        3,
        3,
        1,
        1,
        null,
        2,
        2,
        null,
        null,
        null,
        1,
        null,
        null,
        1,
        1,
        1,
        1,
        null,
        0,
        0,
        null,
        null,
        null,
        1,
        1,
        1,
        1,
        null,
        1,
        1,
        4,
        null,
        null,
        1,
        17,
        null,
        null,
        1,
        8,
        null,
        null
      ],
      "D:/study/ruby/ticket/app/controllers/projects_controller.rb": [
        1,
        null,
        1,
        1,
        null,
        1,
        49,
        null,
        null,
        1,
        2,
        null,
        null,
        1,
        2,
        2,
        1,
        1,
        null,
        1,
        1,
        null,
        null,
        null,
        1,
        null,
        null,
        null,
        1,
        null,
        null,
        null,
        1,
        null,
        2,
        1,
        1,
        null,
        1,
        1,
        null,
        null,
        1,
        null,
        1,
        1,
        1,
        null,
        1,
        1,
        4,
        null,
        1,
        1,
        27,
        null,
        0,
        0,
        null,
        null,
        null,
        null
      ],
      "D:/study/ruby/ticket/app/models/user.rb": [
        1,
        1,
        null,
        1,
        1,
        224,
        null,
        null,
        1,
        25,
        null,
        null
      ],
      "D:/study/ruby/ticket/app/models/project.rb": [
        1,
        1,
        null,
        1,
        null
      ],
      "D:/study/ruby/ticket/app/models/mticket.rb": [
        1,
        1,
        1,
        1,
        1,
        null
      ],
      "D:/study/ruby/ticket/app/controllers/sessions_controller.rb": [
        1,
        null,
        1,
        null,
        null,
        1,
        23,
        23,
        23,
        23,
        23,
        null,
        0,
        0,
        null,
        null,
        1,
        0,
        0,
        0,
        null,
        null
      ],
      "D:/study/ruby/ticket/app/controllers/users_controller.rb": [
        1,
        1,
        1,
        null,
        null,
        1,
        1,
        1,
        1,
        1,
        null,
        0,
        null,
        null,
        null,
        1,
        1,
        null,
        null,
        1,
        3,
        null,
        null,
        1,
        1,
        1,
        1,
        1,
        null,
        0,
        0,
        null,
        null,
        1,
        1,
        2,
        null,
        null
      ]
    },
    "timestamp": 1402285750
  }
}
