{
  "RSpec": {
    "coverage": {
      "D:/study/ruby/ticket/app/controllers/admin/permissions_controller.rb": [
        1,
        1,
        null,
        null,
        1,
        2,
        2,
        null,
        1,
        1,
        1,
        1,
        1,
        1,
        null,
        null,
        null,
        null,
        1,
        1,
        null,
        1,
        1,
        3,
        null,
        null
      ],
      "D:/study/ruby/ticket/app/controllers/admin/base_controller.rb": [
        1,
        1,
        null
      ],
      "D:/study/ruby/ticket/app/controllers/application_controller.rb": [
        1,
        null,
        null,
        1,
        1,
        1,
        167,
        6,
        null,
        6,
        null,
        null,
        1,
        1,
        850,
        null,
        1,
        1,
        53,
        null,
        53,
        6,
        6,
        null,
        null,
        null
      ],
      "D:/study/ruby/ticket/app/controllers/admin/users_controller.rb": [
        1,
        1,
        1,
        13,
        null,
        1,
        2,
        null,
        null,
        1,
        2,
        2,
        2,
        2,
        2,
        2,
        null,
        0,
        0,
        null,
        null,
        null,
        1,
        null,
        null,
        1,
        null,
        null,
        1,
        2,
        2,
        2,
        null,
        2,
        2,
        2,
        null,
        0,
        0,
        null,
        null,
        null,
        1,
        2,
        1,
        null,
        1,
        1,
        null,
        2,
        null,
        1,
        1,
        10,
        null,
        1,
        11,
        null,
        null
      ],
      "D:/study/ruby/ticket/app/controllers/mtickets_controller.rb": [
        1,
        1,
        1,
        1,
        1,
        1,
        1,
        1,
        3,
        null,
        null,
        1,
        3,
        3,
        3,
        1,
        1,
        null,
        2,
        2,
        null,
        null,
        null,
        1,
        null,
        null,
        1,
        1,
        1,
        1,
        null,
        0,
        0,
        null,
        null,
        null,
        1,
        1,
        1,
        1,
        null,
        1,
        1,
        4,
        null,
        null,
        1,
        24,
        null,
        1,
        1,
        null,
        null,
        1,
        15,
        null,
        1,
        8,
        2,
        2,
        null,
        null,
        1,
        4,
        2,
        2,
        null,
        null,
        1,
        2,
        1,
        1,
        null,
        null,
        null
      ],
      "D:/study/ruby/ticket/app/controllers/projects_controller.rb": [
        1,
        1,
        1,
        1,
        null,
        1,
        59,
        null,
        null,
        1,
        2,
        null,
        null,
        1,
        2,
        2,
        1,
        1,
        null,
        1,
        1,
        null,
        null,
        null,
        1,
        null,
        null,
        null,
        1,
        null,
        null,
        null,
        1,
        null,
        2,
        1,
        1,
        null,
        1,
        1,
        null,
        null,
        1,
        null,
        1,
        1,
        1,
        null,
        1,
        1,
        4,
        null,
        1,
        1,
        30,
        30,
        null,
        3,
        3,
        null,
        null,
        null,
        null
      ],
      "D:/study/ruby/ticket/app/models/user.rb": [
        1,
        1,
        1,
        1,
        1,
        452,
        null,
        null,
        1,
        27,
        null,
        null
      ],
      "D:/study/ruby/ticket/app/controllers/sessions_controller.rb": [
        1,
        null,
        1,
        null,
        null,
        1,
        34,
        34,
        34,
        34,
        34,
        null,
        0,
        0,
        null,
        null,
        1,
        1,
        1,
        1,
        null,
        null
      ],
      "D:/study/ruby/ticket/app/models/project.rb": [
        1,
        1,
        null,
        1,
        1,
        1,
        70,
        null,
        1,
        113,
        null,
        null
      ],
      "D:/study/ruby/ticket/app/models/permission.rb": [
        1,
        1,
        1,
        null
      ],
      "D:/study/ruby/ticket/app/controllers/users_controller.rb": [
        1,
        1,
        1,
        null,
        null,
        1,
        1,
        1,
        1,
        1,
        1,
        null,
        0,
        null,
        null,
        null,
        1,
        1,
        null,
        null,
        1,
        3,
        null,
        null,
        1,
        1,
        1,
        1,
        1,
        null,
        0,
        0,
        null,
        null,
        1,
        1,
        2,
        null,
        null
      ],
      "D:/study/ruby/ticket/app/models/mticket.rb": [
        1,
        1,
        1,
        1,
        1,
        null
      ],
      "D:/study/ruby/ticket/app/models/ability.rb": [
        1,
        1,
        1,
        47,
        62,
        null,
        null,
        20,
        null,
        null,
        null,
        null,
        null
      ]
    },
    "timestamp": 1402302531
  },
  "Cucumber Features": {
    "coverage": {
      "D:/study/ruby/ticket/app/models/user.rb": [
        1,
        1,
        null,
        1,
        1,
        6,
        null,
        null,
        1,
        0,
        null,
        null
      ],
      "D:/study/ruby/ticket/app/models/project.rb": [
        1,
        1,
        null,
        1,
        1,
        1,
        1,
        null,
        null
      ],
      "D:/study/ruby/ticket/app/controllers/sessions_controller.rb": [
        1,
        null,
        1,
        null,
        null,
        1,
        1,
        1,
        1,
        1,
        1,
        null,
        0,
        0,
        null,
        null,
        1,
        0,
        0,
        0,
        null,
        null
      ],
      "D:/study/ruby/ticket/app/controllers/application_controller.rb": [
        1,
        null,
        null,
        1,
        1,
        1,
        0,
        0,
        null,
        0,
        null,
        null,
        1,
        1,
        11,
        null,
        1,
        1,
        0,
        null,
        0,
        0,
        0,
        null,
        null,
        null
      ],
      "D:/study/ruby/ticket/app/controllers/projects_controller.rb": [
        1,
        null,
        1,
        1,
        null,
        1,
        2,
        null,
        null,
        1,
        0,
        null,
        null,
        1,
        0,
        0,
        0,
        0,
        null,
        0,
        0,
        null,
        null,
        null,
        1,
        null,
        null,
        null,
        1,
        null,
        null,
        null,
        1,
        null,
        0,
        0,
        0,
        null,
        0,
        0,
        null,
        null,
        1,
        null,
        0,
        0,
        0,
        null,
        1,
        1,
        0,
        null,
        1,
        1,
        1,
        null,
        0,
        0,
        null,
        null,
        null,
        null
      ],
      "D:/study/ruby/ticket/app/models/permission.rb": [
        1,
        1,
        1,
        null
      ],
      "D:/study/ruby/ticket/app/models/mticket.rb": [
        1,
        1,
        1,
        1,
        1,
        null
      ]
    },
    "timestamp": 1402286916
  }
}
